[0mGET / [32m200 [0m159.238 ms - 170[0m
[0mGET / [32m200 [0m8.848 ms - 170[0m
[0mGET / [32m200 [0m169.062 ms - 170[0m
::1 - - [31/Mar/2022:22:38:55 +0000] "GET / HTTP/1.1" 200 170 "-" "PostmanRuntime/7.29.0"
::1 - - [31/Mar/2022:23:09:33 +0000] "GET /auth/login HTTP/1.1" 200 28 "-" "PostmanRuntime/7.29.0"
::1 - - [31/Mar/2022:23:09:40 +0000] "GET /auth/register HTTP/1.1" 200 28 "-" "PostmanRuntime/7.29.0"
::1 - - [31/Mar/2022:23:09:42 +0000] "GET /auth/register HTTP/1.1" 200 28 "-" "PostmanRuntime/7.29.0"
::1 - - [31/Mar/2022:23:09:49 +0000] "GET /auth/register HTTP/1.1" 200 31 "-" "PostmanRuntime/7.29.0"
::1 - - [31/Mar/2022:23:11:23 +0000] "GET /auth/Register HTTP/1.1" 200 31 "-" "PostmanRuntime/7.29.0"
::1 - - [31/Mar/2022:23:11:28 +0000] "GET /auth/register HTTP/1.1" 200 31 "-" "PostmanRuntime/7.29.0"::1 - - [31/Mar/2022:23:36:36 +0000] "GET /auth/login HTTP/1.1" 200 28 "-" "PostmanRuntime/7.29.0"
::1 - - [31/Mar/2022:23:36:48 +0000] "GET /auth/login HTTP/1.1" 200 28 "-" "PostmanRuntime/7.29.0"
::1 - - [31/Mar/2022:23:36:53 +0000] "GET /auth/login HTTP/1.1" 200 28 "-" "PostmanRuntime/7.29.0"
::1 - - [31/Mar/2022:23:42:11 +0000] "POST /auth/register HTTP/1.1" 404 1372 "-" "PostmanRuntime/7.29.0"
::1 - - [31/Mar/2022:23:42:35 +0000] "POST /auth/register HTTP/1.1" 404 1372 "-" "PostmanRuntime/7.29.0"
::1 - - [31/Mar/2022:23:43:21 +0000] "POST /auth/register HTTP/1.1" 404 1372 "-" "PostmanRuntime/7.29.0"
::1 - - [31/Mar/2022:23:44:05 +0000] "POST /auth/register HTTP/1.1" 400 23 "-" "PostmanRuntime/7.29.0"
::1 - - [31/Mar/2022:23:45:34 +0000] "POST /auth/register HTTP/1.1" 400 23 "-" "PostmanRuntime/7.29.0"
::1 - - [31/Mar/2022:23:46:01 +0000] "POST /auth/register HTTP/1.1" 400 23 "-" "PostmanRuntime/7.29.0"
::1 - - [31/Mar/2022:23:46:50 +0000] "POST /auth/register HTTP/1.1" - - "-" "PostmanRuntime/7.29.0"
::1 - - [31/Mar/2022:23:47:05 +0000] "POST /auth/register HTTP/1.1" - - "-" "PostmanRuntime/7.29.0"
::1 - - [31/Mar/2022:23:47:24 +0000] "POST /auth/register HTTP/1.1" - - "-" "PostmanRuntime/7.29.0"
